2025-03-20T19:55:44.272+05:30  INFO 6928 --- [OnlineBookStore] [main] c.e.b.OnlineBookStoreApplication         : Starting OnlineBookStoreApplication using Java 21.0.1 with PID 6928 (C:\Users\pc\eclipse-2024-workspace\OnlineBookStore\target\classes started by pc in C:\Users\pc\eclipse-2024-workspace\OnlineBookStore)
2025-03-20T19:55:44.275+05:30  INFO 6928 --- [OnlineBookStore] [main] c.e.b.OnlineBookStoreApplication         : No active profile set, falling back to 1 default profile: "default"
2025-03-20T19:55:44.876+05:30  INFO 6928 --- [OnlineBookStore] [main] .s.d.r.c.RepositoryConfigurationDelegate : Bootstrapping Spring Data JPA repositories in DEFAULT mode.
2025-03-20T19:55:44.936+05:30  INFO 6928 --- [OnlineBookStore] [main] .s.d.r.c.RepositoryConfigurationDelegate : Finished Spring Data repository scanning in 51 ms. Found 1 JPA repository interface.
2025-03-20T19:55:45.419+05:30  INFO 6928 --- [OnlineBookStore] [main] o.s.b.w.embedded.tomcat.TomcatWebServer  : Tomcat initialized with port 8081 (http)
2025-03-20T19:55:45.433+05:30  INFO 6928 --- [OnlineBookStore] [main] o.apache.catalina.core.StandardService   : Starting service [Tomcat]
2025-03-20T19:55:45.434+05:30  INFO 6928 --- [OnlineBookStore] [main] o.apache.catalina.core.StandardEngine    : Starting Servlet engine: [Apache Tomcat/10.1.36]
2025-03-20T19:55:45.495+05:30  INFO 6928 --- [OnlineBookStore] [main] o.a.c.c.C.[Tomcat].[localhost].[/]       : Initializing Spring embedded WebApplicationContext
2025-03-20T19:55:45.496+05:30  INFO 6928 --- [OnlineBookStore] [main] w.s.c.ServletWebServerApplicationContext : Root WebApplicationContext: initialization completed in 1180 ms
2025-03-20T19:55:45.648+05:30  INFO 6928 --- [OnlineBookStore] [main] o.hibernate.jpa.internal.util.LogHelper  : HHH000204: Processing PersistenceUnitInfo [name: default]
2025-03-20T19:55:45.725+05:30  INFO 6928 --- [OnlineBookStore] [main] org.hibernate.Version                    : HHH000412: Hibernate ORM core version 6.6.8.Final
2025-03-20T19:55:45.767+05:30  INFO 6928 --- [OnlineBookStore] [main] o.h.c.internal.RegionFactoryInitiator    : HHH000026: Second-level cache disabled
2025-03-20T19:55:46.091+05:30  INFO 6928 --- [OnlineBookStore] [main] o.s.o.j.p.SpringPersistenceUnitInfo      : No LoadTimeWeaver setup: ignoring JPA class transformer
2025-03-20T19:55:46.127+05:30  INFO 6928 --- [OnlineBookStore] [main] com.zaxxer.hikari.HikariDataSource       : HikariPool-1 - Starting...
2025-03-20T19:55:46.608+05:30  INFO 6928 --- [OnlineBookStore] [main] com.zaxxer.hikari.pool.HikariPool        : HikariPool-1 - Added connection com.mysql.cj.jdbc.ConnectionImpl@15cee630
2025-03-20T19:55:46.611+05:30  INFO 6928 --- [OnlineBookStore] [main] com.zaxxer.hikari.HikariDataSource       : HikariPool-1 - Start completed.
2025-03-20T19:55:46.700+05:30  WARN 6928 --- [OnlineBookStore] [main] org.hibernate.orm.deprecation            : HHH90000025: MySQLDialect does not need to be specified explicitly using 'hibernate.dialect' (remove the property setting and it will be selected by default)
2025-03-20T19:55:46.722+05:30  INFO 6928 --- [OnlineBookStore] [main] org.hibernate.orm.connections.pooling    : HHH10001005: Database info:
	Database JDBC URL [Connecting through datasource 'HikariDataSource (HikariPool-1)']
	Database driver: undefined/unknown
	Database version: 8.0.36
	Autocommit mode: undefined/unknown
	Isolation level: undefined/unknown
	Minimum pool size: undefined/unknown
	Maximum pool size: undefined/unknown
2025-03-20T19:55:47.570+05:30  INFO 6928 --- [OnlineBookStore] [main] o.h.e.t.j.p.i.JtaPlatformInitiator       : HHH000489: No JTA platform available (set 'hibernate.transaction.jta.platform' to enable JTA platform integration)
2025-03-20T19:55:47.668+05:30  INFO 6928 --- [OnlineBookStore] [main] j.LocalContainerEntityManagerFactoryBean : Initialized JPA EntityManagerFactory for persistence unit 'default'
2025-03-20T19:55:47.896+05:30  WARN 6928 --- [OnlineBookStore] [main] JpaBaseConfiguration$JpaWebConfiguration : spring.jpa.open-in-view is enabled by default. Therefore, database queries may be performed during view rendering. Explicitly configure spring.jpa.open-in-view to disable this warning
2025-03-20T19:55:48.126+05:30  WARN 6928 --- [OnlineBookStore] [main] ion$DefaultTemplateResolverConfiguration : Cannot find template location: classpath:/templates/ (please add some templates, check your Thymeleaf configuration, or set spring.thymeleaf.check-template-location=false)
2025-03-20T19:55:48.262+05:30  INFO 6928 --- [OnlineBookStore] [main] o.s.b.w.embedded.tomcat.TomcatWebServer  : Tomcat started on port 8081 (http) with context path '/'
2025-03-20T19:55:48.269+05:30  INFO 6928 --- [OnlineBookStore] [main] c.e.b.OnlineBookStoreApplication         : Started OnlineBookStoreApplication in 4.462 seconds (process running for 5.128)
2025-03-20T19:57:01.921+05:30  INFO 6928 --- [OnlineBookStore] [http-nio-8081-exec-1] o.a.c.c.C.[Tomcat].[localhost].[/]       : Initializing Spring DispatcherServlet 'dispatcherServlet'
2025-03-20T19:57:01.921+05:30  INFO 6928 --- [OnlineBookStore] [http-nio-8081-exec-1] o.s.web.servlet.DispatcherServlet        : Initializing Servlet 'dispatcherServlet'
