2025-03-20T19:57:01.925+05:30  INFO 6928 --- [OnlineBookStore] [http-nio-8081-exec-1] o.s.web.servlet.DispatcherServlet        : Completed initialization in 3 ms
2025-03-20T19:57:01.996+05:30  INFO 6928 --- [OnlineBookStore] [http-nio-8081-exec-1] c.e.bookstore.service.BookServiceImpl    : Fetching all books...
2025-03-20T19:57:06.673+05:30  INFO 6928 --- [OnlineBookStore] [http-nio-8081-exec-3] c.e.bookstore.service.BookServiceImpl    : Fetching book with ID: 12
2025-03-20T19:57:12.352+05:30  INFO 6928 --- [OnlineBookStore] [http-nio-8081-exec-4] c.e.bookstore.service.BookServiceImpl    : Fetching book with ID: 13
2025-03-20T19:58:51.321+05:30  INFO 6928 --- [OnlineBookStore] [http-nio-8081-exec-7] c.e.bookstore.service.BookServiceImpl    : Fetching all books...
2025-03-20T19:58:57.011+05:30  INFO 6928 --- [OnlineBookStore] [http-nio-8081-exec-8] c.e.bookstore.service.BookServiceImpl    : Fetching book with ID: 15
2025-03-20T19:59:14.548+05:30  INFO 6928 --- [OnlineBookStore] [RMI TCP Connection(7)-127.0.0.1] inMXBeanRegistrar$SpringApplicationAdmin : Application shutdown requested.
2025-03-20T19:59:14.552+05:30  INFO 6928 --- [OnlineBookStore] [RMI TCP Connection(7)-127.0.0.1] o.s.b.w.e.tomcat.GracefulShutdown        : Commencing graceful shutdown. Waiting for active requests to complete
2025-03-20T19:59:14.595+05:30  INFO 6928 --- [OnlineBookStore] [tomcat-shutdown] o.s.b.w.e.tomcat.GracefulShutdown        : Graceful shutdown complete
2025-03-20T19:59:14.603+05:30  INFO 6928 --- [OnlineBookStore] [RMI TCP Connection(7)-127.0.0.1] j.LocalContainerEntityManagerFactoryBean : Closing JPA EntityManagerFactory for persistence unit 'default'
2025-03-20T19:59:14.608+05:30  INFO 6928 --- [OnlineBookStore] [RMI TCP Connection(7)-127.0.0.1] com.zaxxer.hikari.HikariDataSource       : HikariPool-1 - Shutdown initiated...
2025-03-20T19:59:14.622+05:30  INFO 6928 --- [OnlineBookStore] [RMI TCP Connection(7)-127.0.0.1] com.zaxxer.hikari.HikariDataSource       : HikariPool-1 - Shutdown completed.
2025-03-20T20:15:00.762+05:30  INFO 29232 --- [OnlineBookStore] [main] c.e.b.OnlineBookStoreApplication         : Starting OnlineBookStoreApplication using Java 21.0.1 with PID 29232 (C:\Users\pc\eclipse-2024-workspace\OnlineBookStore\target\classes started by pc in C:\Users\pc\eclipse-2024-workspace\OnlineBookStore)
2025-03-20T20:15:00.766+05:30  INFO 29232 --- [OnlineBookStore] [main] c.e.b.OnlineBookStoreApplication         : No active profile set, falling back to 1 default profile: "default"
2025-03-20T20:15:02.118+05:30  INFO 29232 --- [OnlineBookStore] [main] .s.d.r.c.RepositoryConfigurationDelegate : Bootstrapping Spring Data JPA repositories in DEFAULT mode.
2025-03-20T20:15:02.240+05:30  INFO 29232 --- [OnlineBookStore] [main] .s.d.r.c.RepositoryConfigurationDelegate : Finished Spring Data repository scanning in 105 ms. Found 1 JPA repository interface.
2025-03-20T20:15:03.231+05:30  INFO 29232 --- [OnlineBookStore] [main] o.s.b.w.embedded.tomcat.TomcatWebServer  : Tomcat initialized with port 8081 (http)
2025-03-20T20:15:03.256+05:30  INFO 29232 --- [OnlineBookStore] [main] o.apache.catalina.core.StandardService   : Starting service [Tomcat]
2025-03-20T20:15:03.257+05:30  INFO 29232 --- [OnlineBookStore] [main] o.apache.catalina.core.StandardEngine    : Starting Servlet engine: [Apache Tomcat/10.1.36]
2025-03-20T20:15:03.367+05:30  INFO 29232 --- [OnlineBookStore] [main] o.a.c.c.C.[Tomcat].[localhost].[/]       : Initializing Spring embedded WebApplicationContext
2025-03-20T20:15:03.367+05:30  INFO 29232 --- [OnlineBookStore] [main] w.s.c.ServletWebServerApplicationContext : Root WebApplicationContext: initialization completed in 2514 ms
2025-03-20T20:15:03.674+05:30  INFO 29232 --- [OnlineBookStore] [main] o.hibernate.jpa.internal.util.LogHelper  : HHH000204: Processing PersistenceUnitInfo [name: default]
2025-03-20T20:15:03.799+05:30  INFO 29232 --- [OnlineBookStore] [main] org.hibernate.Version                    : HHH000412: Hibernate ORM core version 6.6.8.Final
2025-03-20T20:15:03.870+05:30  INFO 29232 --- [OnlineBookStore] [main] o.h.c.internal.RegionFactoryInitiator    : HHH000026: Second-level cache disabled
2025-03-20T20:15:04.490+05:30  INFO 29232 --- [OnlineBookStore] [main] o.s.o.j.p.SpringPersistenceUnitInfo      : No LoadTimeWeaver setup: ignoring JPA class transformer
2025-03-20T20:15:04.553+05:30  INFO 29232 --- [OnlineBookStore] [main] com.zaxxer.hikari.HikariDataSource       : HikariPool-1 - Starting...
2025-03-20T20:15:05.328+05:30  INFO 29232 --- [OnlineBookStore] [main] com.zaxxer.hikari.pool.HikariPool        : HikariPool-1 - Added connection com.mysql.cj.jdbc.ConnectionImpl@71b3ba5a
2025-03-20T20:15:05.332+05:30  INFO 29232 --- [OnlineBookStore] [main] com.zaxxer.hikari.HikariDataSource       : HikariPool-1 - Start completed.
2025-03-20T20:15:05.472+05:30  WARN 29232 --- [OnlineBookStore] [main] org.hibernate.orm.deprecation            : HHH90000025: MySQLDialect does not need to be specified explicitly using 'hibernate.dialect' (remove the property setting and it will be selected by default)
