2025-03-21T16:38:54.857+05:30  INFO 23148 --- [OnlineBookStore] [main] w.s.c.ServletWebServerApplicationContext : Root WebApplicationContext: initialization completed in 2130 ms
2025-03-21T16:38:55.157+05:30  INFO 23148 --- [OnlineBookStore] [main] o.hibernate.jpa.internal.util.LogHelper  : HHH000204: Processing PersistenceUnitInfo [name: default]
2025-03-21T16:38:55.297+05:30  INFO 23148 --- [OnlineBookStore] [main] org.hibernate.Version                    : HHH000412: Hibernate ORM core version 6.6.8.Final
2025-03-21T16:38:55.370+05:30  INFO 23148 --- [OnlineBookStore] [main] o.h.c.internal.RegionFactoryInitiator    : HHH000026: Second-level cache disabled
2025-03-21T16:38:55.924+05:30  INFO 23148 --- [OnlineBookStore] [main] o.s.o.j.p.SpringPersistenceUnitInfo      : No LoadTimeWeaver setup: ignoring JPA class transformer
2025-03-21T16:38:55.985+05:30  INFO 23148 --- [OnlineBookStore] [main] com.zaxxer.hikari.HikariDataSource       : HikariPool-1 - Starting...
2025-03-21T16:38:56.773+05:30  INFO 23148 --- [OnlineBookStore] [main] com.zaxxer.hikari.pool.HikariPool        : HikariPool-1 - Added connection com.mysql.cj.jdbc.ConnectionImpl@1a4930cf
2025-03-21T16:38:56.776+05:30  INFO 23148 --- [OnlineBookStore] [main] com.zaxxer.hikari.HikariDataSource       : HikariPool-1 - Start completed.
2025-03-21T16:38:56.912+05:30  WARN 23148 --- [OnlineBookStore] [main] org.hibernate.orm.deprecation            : HHH90000025: MySQLDialect does not need to be specified explicitly using 'hibernate.dialect' (remove the property setting and it will be selected by default)
2025-03-21T16:38:56.946+05:30  INFO 23148 --- [OnlineBookStore] [main] org.hibernate.orm.connections.pooling    : HHH10001005: Database info:
	Database JDBC URL [Connecting through datasource 'HikariDataSource (HikariPool-1)']
	Database driver: undefined/unknown
	Database version: 8.0.36
	Autocommit mode: undefined/unknown
	Isolation level: undefined/unknown
	Minimum pool size: undefined/unknown
	Maximum pool size: undefined/unknown
2025-03-21T16:38:58.477+05:30  INFO 23148 --- [OnlineBookStore] [main] o.h.e.t.j.p.i.JtaPlatformInitiator       : HHH000489: No JTA platform available (set 'hibernate.transaction.jta.platform' to enable JTA platform integration)
2025-03-21T16:38:58.604+05:30  INFO 23148 --- [OnlineBookStore] [main] j.LocalContainerEntityManagerFactoryBean : Initialized JPA EntityManagerFactory for persistence unit 'default'
2025-03-21T16:38:59.028+05:30  WARN 23148 --- [OnlineBookStore] [main] JpaBaseConfiguration$JpaWebConfiguration : spring.jpa.open-in-view is enabled by default. Therefore, database queries may be performed during view rendering. Explicitly configure spring.jpa.open-in-view to disable this warning
2025-03-21T16:38:59.451+05:30  WARN 23148 --- [OnlineBookStore] [main] ion$DefaultTemplateResolverConfiguration : Cannot find template location: classpath:/templates/ (please add some templates, check your Thymeleaf configuration, or set spring.thymeleaf.check-template-location=false)
2025-03-21T16:38:59.706+05:30  INFO 23148 --- [OnlineBookStore] [main] o.s.b.w.embedded.tomcat.TomcatWebServer  : Tomcat started on port 8081 (http) with context path '/'
2025-03-21T16:38:59.723+05:30  INFO 23148 --- [OnlineBookStore] [main] c.e.b.OnlineBookStoreApplication         : Started OnlineBookStoreApplication in 7.87 seconds (process running for 9.05)
2025-03-21T16:39:25.792+05:30  INFO 23148 --- [OnlineBookStore] [http-nio-8081-exec-1] o.a.c.c.C.[Tomcat].[localhost].[/]       : Initializing Spring DispatcherServlet 'dispatcherServlet'
2025-03-21T16:39:25.793+05:30  INFO 23148 --- [OnlineBookStore] [http-nio-8081-exec-1] o.s.web.servlet.DispatcherServlet        : Initializing Servlet 'dispatcherServlet'
2025-03-21T16:39:25.795+05:30  INFO 23148 --- [OnlineBookStore] [http-nio-8081-exec-1] o.s.web.servlet.DispatcherServlet        : Completed initialization in 2 ms
2025-03-21T16:39:25.882+05:30  INFO 23148 --- [OnlineBookStore] [http-nio-8081-exec-1] c.example.bookstore.util.MetricsTracker  : Starting operation: getBookById
2025-03-21T16:39:25.882+05:30  INFO 23148 --- [OnlineBookStore] [http-nio-8081-exec-1] c.e.bookstore.service.BookServiceImpl    : Fetching book with ID: 20
2025-03-21T16:39:26.019+05:30 ERROR 23148 --- [OnlineBookStore] [http-nio-8081-exec-1] c.e.bookstore.service.BookServiceImpl    : Book with ID 20 not found
2025-03-21T16:39:26.020+05:30  INFO 23148 --- [OnlineBookStore] [http-nio-8081-exec-1] c.example.bookstore.util.MetricsTracker  : Operation 'getBookById' completed in 138 ms
2025-03-21T16:39:26.021+05:30  INFO 23148 --- [OnlineBookStore] [http-nio-8081-exec-1] c.example.bookstore.util.MetricsTracker  : --------------------------------------------------

2025-03-21T16:39:30.095+05:30  INFO 23148 --- [OnlineBookStore] [http-nio-8081-exec-3] c.example.bookstore.util.MetricsTracker  : Starting operation: getAllBooks
2025-03-21T16:39:30.096+05:30  INFO 23148 --- [OnlineBookStore] [http-nio-8081-exec-3] c.e.bookstore.service.BookServiceImpl    : Fetching all books...
2025-03-21T16:39:30.329+05:30  INFO 23148 --- [OnlineBookStore] [http-nio-8081-exec-3] c.e.bookstore.service.BookServiceImpl    : All books fetched successfully. Total books: 4
