2025-03-21T15:58:17.329+05:30  INFO 5040 --- [OnlineBookStore] [main] com.zaxxer.hikari.HikariDataSource       : HikariPool-1 - Starting...
2025-03-21T15:58:18.179+05:30  INFO 5040 --- [OnlineBookStore] [main] com.zaxxer.hikari.pool.HikariPool        : HikariPool-1 - Added connection com.mysql.cj.jdbc.ConnectionImpl@1c43df76
2025-03-21T15:58:18.184+05:30  INFO 5040 --- [OnlineBookStore] [main] com.zaxxer.hikari.HikariDataSource       : HikariPool-1 - Start completed.
2025-03-21T15:58:18.324+05:30  WARN 5040 --- [OnlineBookStore] [main] org.hibernate.orm.deprecation            : HHH90000025: MySQLDialect does not need to be specified explicitly using 'hibernate.dialect' (remove the property setting and it will be selected by default)
2025-03-21T15:58:18.359+05:30  INFO 5040 --- [OnlineBookStore] [main] org.hibernate.orm.connections.pooling    : HHH10001005: Database info:
	Database JDBC URL [Connecting through datasource 'HikariDataSource (HikariPool-1)']
	Database driver: undefined/unknown
	Database version: 8.0.36
	Autocommit mode: undefined/unknown
	Isolation level: undefined/unknown
	Minimum pool size: undefined/unknown
	Maximum pool size: undefined/unknown
2025-03-21T15:58:19.871+05:30  INFO 5040 --- [OnlineBookStore] [main] o.h.e.t.j.p.i.JtaPlatformInitiator       : HHH000489: No JTA platform available (set 'hibernate.transaction.jta.platform' to enable JTA platform integration)
2025-03-21T15:58:20.031+05:30  INFO 5040 --- [OnlineBookStore] [main] j.LocalContainerEntityManagerFactoryBean : Initialized JPA EntityManagerFactory for persistence unit 'default'
2025-03-21T15:58:20.479+05:30  WARN 5040 --- [OnlineBookStore] [main] JpaBaseConfiguration$JpaWebConfiguration : spring.jpa.open-in-view is enabled by default. Therefore, database queries may be performed during view rendering. Explicitly configure spring.jpa.open-in-view to disable this warning
2025-03-21T15:58:20.888+05:30  WARN 5040 --- [OnlineBookStore] [main] ion$DefaultTemplateResolverConfiguration : Cannot find template location: classpath:/templates/ (please add some templates, check your Thymeleaf configuration, or set spring.thymeleaf.check-template-location=false)
2025-03-21T15:58:21.149+05:30  INFO 5040 --- [OnlineBookStore] [main] o.s.b.w.embedded.tomcat.TomcatWebServer  : Tomcat started on port 8081 (http) with context path '/'
2025-03-21T15:58:21.162+05:30  INFO 5040 --- [OnlineBookStore] [main] c.e.b.OnlineBookStoreApplication         : Started OnlineBookStoreApplication in 8.158 seconds (process running for 9.522)
2025-03-21T15:58:31.453+05:30  INFO 5040 --- [OnlineBookStore] [http-nio-8081-exec-1] o.a.c.c.C.[Tomcat].[localhost].[/]       : Initializing Spring DispatcherServlet 'dispatcherServlet'
2025-03-21T15:58:31.454+05:30  INFO 5040 --- [OnlineBookStore] [http-nio-8081-exec-1] o.s.web.servlet.DispatcherServlet        : Initializing Servlet 'dispatcherServlet'
2025-03-21T15:58:31.458+05:30  INFO 5040 --- [OnlineBookStore] [http-nio-8081-exec-1] o.s.web.servlet.DispatcherServlet        : Completed initialization in 4 ms
2025-03-21T15:58:31.532+05:30  INFO 5040 --- [OnlineBookStore] [http-nio-8081-exec-1] c.example.bookstore.util.MetricsTracker  : Starting operation: getAllBooks
2025-03-21T15:58:31.533+05:30  INFO 5040 --- [OnlineBookStore] [http-nio-8081-exec-1] c.e.bookstore.service.BookServiceImpl    : Fetching all books...
2025-03-21T15:58:31.863+05:30  INFO 5040 --- [OnlineBookStore] [http-nio-8081-exec-1] c.e.bookstore.service.BookServiceImpl    : All books fetched successfully. Total books: 5
2025-03-21T15:58:31.864+05:30  INFO 5040 --- [OnlineBookStore] [http-nio-8081-exec-1] c.example.bookstore.util.MetricsTracker  : Operation 'getAllBooks' completed in 332 ms
2025-03-21T15:58:31.864+05:30  INFO 5040 --- [OnlineBookStore] [http-nio-8081-exec-1] c.example.bookstore.util.MetricsTracker  : --------------------------------------------------

2025-03-21T15:58:49.349+05:30  INFO 5040 --- [OnlineBookStore] [http-nio-8081-exec-3] c.example.bookstore.util.MetricsTracker  : Starting operation: deleteBook
2025-03-21T15:58:49.350+05:30  INFO 5040 --- [OnlineBookStore] [http-nio-8081-exec-3] c.e.bookstore.service.BookServiceImpl    : Deleting book with ID: 12
2025-03-21T15:58:50.167+05:30  INFO 5040 --- [OnlineBookStore] [http-nio-8081-exec-3] c.e.bookstore.service.BookServiceImpl    : Book with ID 12 deleted successfully
2025-03-21T15:58:50.167+05:30  INFO 5040 --- [OnlineBookStore] [http-nio-8081-exec-3] c.example.bookstore.util.MetricsTracker  : Operation 'deleteBook' completed in 818 ms
2025-03-21T15:58:50.168+05:30  INFO 5040 --- [OnlineBookStore] [http-nio-8081-exec-3] c.example.bookstore.util.MetricsTracker  : --------------------------------------------------

2025-03-21T15:59:07.033+05:30  INFO 5040 --- [OnlineBookStore] [http-nio-8081-exec-4] c.example.bookstore.util.MetricsTracker  : Starting operation: getBookById
2025-03-21T15:59:07.033+05:30  INFO 5040 --- [OnlineBookStore] [http-nio-8081-exec-4] c.e.bookstore.service.BookServiceImpl    : Fetching book with ID: 12
2025-03-21T15:59:07.044+05:30 ERROR 5040 --- [OnlineBookStore] [http-nio-8081-exec-4] c.e.bookstore.service.BookServiceImpl    : Book with ID 12 not found
