2025-03-21T18:47:13.245+05:30  INFO 22280 --- [OnlineBookStore] [main] .s.d.r.c.RepositoryConfigurationDelegate : Finished Spring Data repository scanning in 84 ms. Found 1 JPA repository interface.
2025-03-21T18:47:13.943+05:30  INFO 22280 --- [OnlineBookStore] [main] o.s.b.w.embedded.tomcat.TomcatWebServer  : Tomcat initialized with port 8081 (http)
2025-03-21T18:47:13.965+05:30  INFO 22280 --- [OnlineBookStore] [main] o.apache.catalina.core.StandardService   : Starting service [Tomcat]
2025-03-21T18:47:13.965+05:30  INFO 22280 --- [OnlineBookStore] [main] o.apache.catalina.core.StandardEngine    : Starting Servlet engine: [Apache Tomcat/10.1.36]
2025-03-21T18:47:14.034+05:30  INFO 22280 --- [OnlineBookStore] [main] o.a.c.c.C.[Tomcat].[localhost].[/]       : Initializing Spring embedded WebApplicationContext
2025-03-21T18:47:14.034+05:30  INFO 22280 --- [OnlineBookStore] [main] w.s.c.ServletWebServerApplicationContext : Root WebApplicationContext: initialization completed in 1819 ms
2025-03-21T18:47:14.306+05:30  INFO 22280 --- [OnlineBookStore] [main] o.hibernate.jpa.internal.util.LogHelper  : HHH000204: Processing PersistenceUnitInfo [name: default]
2025-03-21T18:47:14.428+05:30  INFO 22280 --- [OnlineBookStore] [main] org.hibernate.Version                    : HHH000412: Hibernate ORM core version 6.6.8.Final
2025-03-21T18:47:14.512+05:30  INFO 22280 --- [OnlineBookStore] [main] o.h.c.internal.RegionFactoryInitiator    : HHH000026: Second-level cache disabled
2025-03-21T18:47:15.021+05:30  INFO 22280 --- [OnlineBookStore] [main] o.s.o.j.p.SpringPersistenceUnitInfo      : No LoadTimeWeaver setup: ignoring JPA class transformer
2025-03-21T18:47:15.075+05:30  INFO 22280 --- [OnlineBookStore] [main] com.zaxxer.hikari.HikariDataSource       : HikariPool-1 - Starting...
2025-03-21T18:47:15.811+05:30  INFO 22280 --- [OnlineBookStore] [main] com.zaxxer.hikari.pool.HikariPool        : HikariPool-1 - Added connection com.mysql.cj.jdbc.ConnectionImpl@3041beb3
2025-03-21T18:47:15.815+05:30  INFO 22280 --- [OnlineBookStore] [main] com.zaxxer.hikari.HikariDataSource       : HikariPool-1 - Start completed.
2025-03-21T18:47:15.958+05:30  WARN 22280 --- [OnlineBookStore] [main] org.hibernate.orm.deprecation            : HHH90000025: MySQLDialect does not need to be specified explicitly using 'hibernate.dialect' (remove the property setting and it will be selected by default)
2025-03-21T18:47:15.993+05:30  INFO 22280 --- [OnlineBookStore] [main] org.hibernate.orm.connections.pooling    : HHH10001005: Database info:
	Database JDBC URL [Connecting through datasource 'HikariDataSource (HikariPool-1)']
	Database driver: undefined/unknown
	Database version: 8.0.36
	Autocommit mode: undefined/unknown
	Isolation level: undefined/unknown
	Minimum pool size: undefined/unknown
	Maximum pool size: undefined/unknown
2025-03-21T18:47:17.552+05:30  INFO 22280 --- [OnlineBookStore] [main] o.h.e.t.j.p.i.JtaPlatformInitiator       : HHH000489: No JTA platform available (set 'hibernate.transaction.jta.platform' to enable JTA platform integration)
2025-03-21T18:47:17.697+05:30  INFO 22280 --- [OnlineBookStore] [main] j.LocalContainerEntityManagerFactoryBean : Initialized JPA EntityManagerFactory for persistence unit 'default'
2025-03-21T18:47:18.106+05:30  WARN 22280 --- [OnlineBookStore] [main] JpaBaseConfiguration$JpaWebConfiguration : spring.jpa.open-in-view is enabled by default. Therefore, database queries may be performed during view rendering. Explicitly configure spring.jpa.open-in-view to disable this warning
2025-03-21T18:47:18.527+05:30  WARN 22280 --- [OnlineBookStore] [main] ion$DefaultTemplateResolverConfiguration : Cannot find template location: classpath:/templates/ (please add some templates, check your Thymeleaf configuration, or set spring.thymeleaf.check-template-location=false)
2025-03-21T18:47:18.845+05:30  INFO 22280 --- [OnlineBookStore] [main] o.s.b.w.embedded.tomcat.TomcatWebServer  : Tomcat started on port 8081 (http) with context path '/'
2025-03-21T18:47:18.862+05:30  INFO 22280 --- [OnlineBookStore] [main] c.e.b.OnlineBookStoreApplication         : Started OnlineBookStoreApplication in 7.456 seconds (process running for 8.534)
2025-03-21T18:47:39.291+05:30  INFO 22280 --- [OnlineBookStore] [http-nio-8081-exec-2] o.a.c.c.C.[Tomcat].[localhost].[/]       : Initializing Spring DispatcherServlet 'dispatcherServlet'
2025-03-21T18:47:39.311+05:30  INFO 22280 --- [OnlineBookStore] [http-nio-8081-exec-2] o.s.web.servlet.DispatcherServlet        : Initializing Servlet 'dispatcherServlet'
2025-03-21T18:47:39.324+05:30  INFO 22280 --- [OnlineBookStore] [http-nio-8081-exec-2] o.s.web.servlet.DispatcherServlet        : Completed initialization in 11 ms
2025-03-21T18:47:39.459+05:30  INFO 22280 --- [OnlineBookStore] [http-nio-8081-exec-2] c.example.bookstore.util.MetricsTracker  : Starting operation: getAllBooks
2025-03-21T18:47:39.460+05:30  INFO 22280 --- [OnlineBookStore] [http-nio-8081-exec-2] c.e.bookstore.service.BookServiceImpl    : Fetching all books...
2025-03-21T18:47:39.990+05:30  INFO 22280 --- [OnlineBookStore] [http-nio-8081-exec-2] c.e.bookstore.service.BookServiceImpl    : All books fetched successfully. Total books: 3
