2025-03-21T15:59:07.045+05:30  INFO 5040 --- [OnlineBookStore] [http-nio-8081-exec-4] c.example.bookstore.util.MetricsTracker  : Operation 'getBookById' completed in 12 ms
2025-03-21T15:59:07.049+05:30  INFO 5040 --- [OnlineBookStore] [http-nio-8081-exec-4] c.example.bookstore.util.MetricsTracker  : --------------------------------------------------

2025-03-21T16:00:17.918+05:30  INFO 5040 --- [OnlineBookStore] [http-nio-8081-exec-7] c.example.bookstore.util.MetricsTracker  : Starting operation: deleteBook
2025-03-21T16:00:17.918+05:30  INFO 5040 --- [OnlineBookStore] [http-nio-8081-exec-7] c.e.bookstore.service.BookServiceImpl    : Deleting book with ID: 1
2025-03-21T16:00:17.931+05:30 ERROR 5040 --- [OnlineBookStore] [http-nio-8081-exec-7] c.e.bookstore.service.BookServiceImpl    : Delete failed: Book with ID 1 not found
2025-03-21T16:00:17.932+05:30  INFO 5040 --- [OnlineBookStore] [http-nio-8081-exec-7] c.example.bookstore.util.MetricsTracker  : Operation 'deleteBook' completed in 14 ms
2025-03-21T16:00:17.932+05:30  INFO 5040 --- [OnlineBookStore] [http-nio-8081-exec-7] c.example.bookstore.util.MetricsTracker  : --------------------------------------------------

2025-03-21T16:11:02.895+05:30  INFO 5040 --- [OnlineBookStore] [RMI TCP Connection(16)-127.0.0.1] inMXBeanRegistrar$SpringApplicationAdmin : Application shutdown requested.
2025-03-21T16:11:03.023+05:30  INFO 5040 --- [OnlineBookStore] [RMI TCP Connection(16)-127.0.0.1] o.s.b.w.e.tomcat.GracefulShutdown        : Commencing graceful shutdown. Waiting for active requests to complete
2025-03-21T16:11:03.105+05:30  INFO 5040 --- [OnlineBookStore] [tomcat-shutdown] o.s.b.w.e.tomcat.GracefulShutdown        : Graceful shutdown complete
2025-03-21T16:11:03.179+05:30  INFO 5040 --- [OnlineBookStore] [RMI TCP Connection(16)-127.0.0.1] j.LocalContainerEntityManagerFactoryBean : Closing JPA EntityManagerFactory for persistence unit 'default'
2025-03-21T16:11:03.244+05:30  INFO 5040 --- [OnlineBookStore] [RMI TCP Connection(16)-127.0.0.1] com.zaxxer.hikari.HikariDataSource       : HikariPool-1 - Shutdown initiated...
2025-03-21T16:11:03.325+05:30  INFO 5040 --- [OnlineBookStore] [RMI TCP Connection(16)-127.0.0.1] com.zaxxer.hikari.HikariDataSource       : HikariPool-1 - Shutdown completed.
2025-03-21T16:12:34.361+05:30  INFO 29892 --- [OnlineBookStore] [main] c.e.b.OnlineBookStoreApplication         : Starting OnlineBookStoreApplication using Java 21.0.1 with PID 29892 (C:\Users\pc\eclipse-2024-workspace\OnlineBookStore\target\classes started by pc in C:\Users\pc\eclipse-2024-workspace\OnlineBookStore)
2025-03-21T16:12:34.365+05:30  INFO 29892 --- [OnlineBookStore] [main] c.e.b.OnlineBookStoreApplication         : No active profile set, falling back to 1 default profile: "default"
2025-03-21T16:12:35.367+05:30  INFO 29892 --- [OnlineBookStore] [main] .s.d.r.c.RepositoryConfigurationDelegate : Bootstrapping Spring Data JPA repositories in DEFAULT mode.
2025-03-21T16:12:35.476+05:30  INFO 29892 --- [OnlineBookStore] [main] .s.d.r.c.RepositoryConfigurationDelegate : Finished Spring Data repository scanning in 90 ms. Found 1 JPA repository interface.
2025-03-21T16:12:36.273+05:30  INFO 29892 --- [OnlineBookStore] [main] o.s.b.w.embedded.tomcat.TomcatWebServer  : Tomcat initialized with port 8081 (http)
2025-03-21T16:12:36.299+05:30  INFO 29892 --- [OnlineBookStore] [main] o.apache.catalina.core.StandardService   : Starting service [Tomcat]
2025-03-21T16:12:36.299+05:30  INFO 29892 --- [OnlineBookStore] [main] o.apache.catalina.core.StandardEngine    : Starting Servlet engine: [Apache Tomcat/10.1.36]
2025-03-21T16:12:36.404+05:30  INFO 29892 --- [OnlineBookStore] [main] o.a.c.c.C.[Tomcat].[localhost].[/]       : Initializing Spring embedded WebApplicationContext
2025-03-21T16:12:36.405+05:30  INFO 29892 --- [OnlineBookStore] [main] w.s.c.ServletWebServerApplicationContext : Root WebApplicationContext: initialization completed in 1968 ms
2025-03-21T16:12:36.656+05:30  INFO 29892 --- [OnlineBookStore] [main] o.hibernate.jpa.internal.util.LogHelper  : HHH000204: Processing PersistenceUnitInfo [name: default]
2025-03-21T16:12:36.746+05:30  INFO 29892 --- [OnlineBookStore] [main] org.hibernate.Version                    : HHH000412: Hibernate ORM core version 6.6.8.Final
2025-03-21T16:12:36.804+05:30  INFO 29892 --- [OnlineBookStore] [main] o.h.c.internal.RegionFactoryInitiator    : HHH000026: Second-level cache disabled
2025-03-21T16:12:37.272+05:30  INFO 29892 --- [OnlineBookStore] [main] o.s.o.j.p.SpringPersistenceUnitInfo      : No LoadTimeWeaver setup: ignoring JPA class transformer
2025-03-21T16:12:37.322+05:30  INFO 29892 --- [OnlineBookStore] [main] com.zaxxer.hikari.HikariDataSource       : HikariPool-1 - Starting...
2025-03-21T16:12:37.882+05:30  INFO 29892 --- [OnlineBookStore] [main] com.zaxxer.hikari.pool.HikariPool        : HikariPool-1 - Added connection com.mysql.cj.jdbc.ConnectionImpl@5fbae40
2025-03-21T16:12:37.886+05:30  INFO 29892 --- [OnlineBookStore] [main] com.zaxxer.hikari.HikariDataSource       : HikariPool-1 - Start completed.
2025-03-21T16:12:37.977+05:30  WARN 29892 --- [OnlineBookStore] [main] org.hibernate.orm.deprecation            : HHH90000025: MySQLDialect does not need to be specified explicitly using 'hibernate.dialect' (remove the property setting and it will be selected by default)
