2025-03-21T16:13:30.720+05:30  INFO 23404 --- [OnlineBookStore] [main] com.zaxxer.hikari.HikariDataSource       : HikariPool-1 - Starting...
2025-03-21T16:13:31.252+05:30  INFO 23404 --- [OnlineBookStore] [main] com.zaxxer.hikari.pool.HikariPool        : HikariPool-1 - Added connection com.mysql.cj.jdbc.ConnectionImpl@7645b7d
2025-03-21T16:13:31.255+05:30  INFO 23404 --- [OnlineBookStore] [main] com.zaxxer.hikari.HikariDataSource       : HikariPool-1 - Start completed.
2025-03-21T16:13:31.343+05:30  WARN 23404 --- [OnlineBookStore] [main] org.hibernate.orm.deprecation            : HHH90000025: MySQLDialect does not need to be specified explicitly using 'hibernate.dialect' (remove the property setting and it will be selected by default)
2025-03-21T16:13:31.375+05:30  INFO 23404 --- [OnlineBookStore] [main] org.hibernate.orm.connections.pooling    : HHH10001005: Database info:
	Database JDBC URL [Connecting through datasource 'HikariDataSource (HikariPool-1)']
	Database driver: undefined/unknown
	Database version: 8.0.36
	Autocommit mode: undefined/unknown
	Isolation level: undefined/unknown
	Minimum pool size: undefined/unknown
	Maximum pool size: undefined/unknown
2025-03-21T16:13:32.676+05:30  INFO 23404 --- [OnlineBookStore] [main] o.h.e.t.j.p.i.JtaPlatformInitiator       : HHH000489: No JTA platform available (set 'hibernate.transaction.jta.platform' to enable JTA platform integration)
2025-03-21T16:13:32.758+05:30  INFO 23404 --- [OnlineBookStore] [main] j.LocalContainerEntityManagerFactoryBean : Initialized JPA EntityManagerFactory for persistence unit 'default'
2025-03-21T16:13:33.161+05:30  WARN 23404 --- [OnlineBookStore] [main] JpaBaseConfiguration$JpaWebConfiguration : spring.jpa.open-in-view is enabled by default. Therefore, database queries may be performed during view rendering. Explicitly configure spring.jpa.open-in-view to disable this warning
2025-03-21T16:13:33.575+05:30  WARN 23404 --- [OnlineBookStore] [main] ion$DefaultTemplateResolverConfiguration : Cannot find template location: classpath:/templates/ (please add some templates, check your Thymeleaf configuration, or set spring.thymeleaf.check-template-location=false)
2025-03-21T16:13:33.796+05:30  INFO 23404 --- [OnlineBookStore] [main] o.s.b.w.embedded.tomcat.TomcatWebServer  : Tomcat started on port 8081 (http) with context path '/'
2025-03-21T16:13:33.811+05:30  INFO 23404 --- [OnlineBookStore] [main] c.e.b.OnlineBookStoreApplication         : Started OnlineBookStoreApplication in 6.773 seconds (process running for 7.872)
2025-03-21T16:15:18.946+05:30  INFO 23404 --- [OnlineBookStore] [RMI TCP Connection(5)-127.0.0.1] inMXBeanRegistrar$SpringApplicationAdmin : Application shutdown requested.
2025-03-21T16:15:18.951+05:30  INFO 23404 --- [OnlineBookStore] [RMI TCP Connection(5)-127.0.0.1] o.s.b.w.e.tomcat.GracefulShutdown        : Commencing graceful shutdown. Waiting for active requests to complete
2025-03-21T16:15:18.994+05:30  INFO 23404 --- [OnlineBookStore] [tomcat-shutdown] o.s.b.w.e.tomcat.GracefulShutdown        : Graceful shutdown complete
2025-03-21T16:15:19.001+05:30  INFO 23404 --- [OnlineBookStore] [RMI TCP Connection(5)-127.0.0.1] j.LocalContainerEntityManagerFactoryBean : Closing JPA EntityManagerFactory for persistence unit 'default'
2025-03-21T16:15:19.005+05:30  INFO 23404 --- [OnlineBookStore] [RMI TCP Connection(5)-127.0.0.1] com.zaxxer.hikari.HikariDataSource       : HikariPool-1 - Shutdown initiated...
2025-03-21T16:15:19.020+05:30  INFO 23404 --- [OnlineBookStore] [RMI TCP Connection(5)-127.0.0.1] com.zaxxer.hikari.HikariDataSource       : HikariPool-1 - Shutdown completed.
2025-03-21T16:38:52.655+05:30  INFO 23148 --- [OnlineBookStore] [main] c.e.b.OnlineBookStoreApplication         : Starting OnlineBookStoreApplication using Java 21.0.1 with PID 23148 (C:\Users\pc\eclipse-2024-workspace\OnlineBookStore\target\classes started by pc in C:\Users\pc\eclipse-2024-workspace\OnlineBookStore)
2025-03-21T16:38:52.658+05:30  INFO 23148 --- [OnlineBookStore] [main] c.e.b.OnlineBookStoreApplication         : No active profile set, falling back to 1 default profile: "default"
2025-03-21T16:38:53.722+05:30  INFO 23148 --- [OnlineBookStore] [main] .s.d.r.c.RepositoryConfigurationDelegate : Bootstrapping Spring Data JPA repositories in DEFAULT mode.
2025-03-21T16:38:53.826+05:30  INFO 23148 --- [OnlineBookStore] [main] .s.d.r.c.RepositoryConfigurationDelegate : Finished Spring Data repository scanning in 89 ms. Found 1 JPA repository interface.
2025-03-21T16:38:54.706+05:30  INFO 23148 --- [OnlineBookStore] [main] o.s.b.w.embedded.tomcat.TomcatWebServer  : Tomcat initialized with port 8081 (http)
2025-03-21T16:38:54.749+05:30  INFO 23148 --- [OnlineBookStore] [main] o.apache.catalina.core.StandardService   : Starting service [Tomcat]
2025-03-21T16:38:54.750+05:30  INFO 23148 --- [OnlineBookStore] [main] o.apache.catalina.core.StandardEngine    : Starting Servlet engine: [Apache Tomcat/10.1.36]
2025-03-21T16:38:54.856+05:30  INFO 23148 --- [OnlineBookStore] [main] o.a.c.c.C.[Tomcat].[localhost].[/]       : Initializing Spring embedded WebApplicationContext
